{
  "RSpec": {
    "coverage": {
      "/Users/source/Desktop/turing/3mod/projects/rails_engine_fe/app/helpers/application_helper.rb": {
        "lines": [
          1,
          null
        ]
      },
      "/Users/source/Desktop/turing/3mod/projects/rails_engine_fe/app/controllers/merchants_controller.rb": {
        "lines": [
          1,
          1,
          1,
          2,
          null,
          null,
          1,
          2,
          2,
          null,
          null
        ]
      },
      "/Users/source/Desktop/turing/3mod/projects/rails_engine_fe/app/controllers/application_controller.rb": {
        "lines": [
          1,
          null
        ]
      },
      "/Users/source/Desktop/turing/3mod/projects/rails_engine_fe/app/services/merchants_service.rb": {
        "lines": [
          1,
          1,
          null,
          1,
          1,
          2,
          null,
          2,
          null,
          2,
          null,
          null,
          1,
          2,
          null,
          2,
          null,
          2,
          null,
          null,
          1,
          2,
          null,
          2,
          null,
          2,
          null,
          null,
          1,
          1,
          null,
          1,
          null,
          1,
          null,
          null
        ]
      },
      "/Users/source/Desktop/turing/3mod/projects/rails_engine_fe/app/controllers/items_controller.rb": {
        "lines": [
          1,
          1,
          1,
          null,
          null,
          null
        ]
      },
      "/Users/source/Desktop/turing/3mod/projects/rails_engine_fe/app/mailers/application_mailer.rb": {
        "lines": [
          0,
          0,
          0,
          0
        ],
        "branches": {
        }
      },
      "/Users/source/Desktop/turing/3mod/projects/rails_engine_fe/app/models/application_record.rb": {
        "lines": [
          0,
          0,
          0
        ],
        "branches": {
        }
      },
      "/Users/source/Desktop/turing/3mod/projects/rails_engine_fe/app/jobs/application_job.rb": {
        "lines": [
          0,
          0
        ],
        "branches": {
        }
      },
      "/Users/source/Desktop/turing/3mod/projects/rails_engine_fe/app/channels/application_cable/connection.rb": {
        "lines": [
          0,
          0,
          0,
          0
        ],
        "branches": {
        }
      },
      "/Users/source/Desktop/turing/3mod/projects/rails_engine_fe/app/channels/application_cable/channel.rb": {
        "lines": [
          0,
          0,
          0,
          0
        ],
        "branches": {
        }
      }
    },
    "timestamp": 1671121408
  }
}
